-------------------------------------------------------------------------------
Test set: com.project.PR114liniesTest
-------------------------------------------------------------------------------
Tests run: 1, Failures: 1, Errors: 0, Skipped: 0, Time elapsed: 0.005 s <<< FAILURE! - in com.project.PR114liniesTest
com.project.PR114liniesTest.testGenerarNumerosAleatoris  Time elapsed: 0.003 s  <<< FAILURE!
org.opentest4j.AssertionFailedError: El fitxer hauria d'existir ==> expected: <true> but was: <false>
	at com.project.PR114liniesTest.testGenerarNumerosAleatoris(PR114liniesTest.java:30)

